<?xml version="1.0" encoding="UTF-8"?>
<!-- Generated by org.testng.reporters.JUnitXMLReporter -->
<testsuite ignored="4" hostname="DESKTOP-7G8E9K1" failures="0" tests="1" name="Test2" time="23.056" errors="0" timestamp="2024-10-22T17:09:51 IST">
  <testcase classname="instagramFeatures.OpenCartRegisterAndLogin" name="login1" time="4.095"/>
  <testcase classname="instagramFeatures.OpenCartRegisterAndLogin" name="login3" time="0.0">
    <ignored/>
  </testcase> <!-- login3 -->
  <testcase classname="instagramFeatures.OpenCartRegisterAndLogin" name="login4" time="0.0">
    <ignored/>
  </testcase> <!-- login4 -->
  <testcase classname="instagramFeatures.OpenCartRegisterAndLogin" name="login" time="0.0">
    <ignored/>
  </testcase> <!-- login -->
  <testcase classname="instagramFeatures.OpenCartRegisterAndLogin" name="login2" time="0.0">
    <ignored/>
  </testcase> <!-- login2 -->
</testsuite> <!-- Test2 -->
