<?xml version="1.0" encoding="UTF-8"?>
<!-- Generated by org.testng.reporters.JUnitXMLReporter -->
<testsuite ignored="4" hostname="DESKTOP-7G8E9K1" failures="0" tests="1" name="Test4" time="11.275" errors="0" timestamp="2024-11-04T13:33:24 IST">
  <testcase classname="instagramFeatures.OpenCartRegisterAndLoginTest" name="login4" time="0.811"/>
  <testcase classname="instagramFeatures.OpenCartRegisterAndLoginTest" name="login3" time="0.0">
    <ignored/>
  </testcase> <!-- login3 -->
  <testcase classname="instagramFeatures.OpenCartRegisterAndLoginTest" name="login1" time="0.0">
    <ignored/>
  </testcase> <!-- login1 -->
  <testcase classname="instagramFeatures.OpenCartRegisterAndLoginTest" name="login2" time="0.0">
    <ignored/>
  </testcase> <!-- login2 -->
  <testcase classname="instagramFeatures.OpenCartRegisterAndLoginTest" name="login" time="0.0">
    <ignored/>
  </testcase> <!-- login -->
</testsuite> <!-- Test4 -->
