<?xml version="1.0" encoding="UTF-8"?>
<testng-results ignored="0" total="4" passed="4" failed="0" skipped="0">
  <reporter-output>
  </reporter-output>
  <suite started-at="2024-10-22T17:09:28 GMT+05:30" name="Suite" finished-at="2024-10-22T17:09:51 GMT+05:30" duration-ms="23066">
    <groups>
    </groups>
    <test started-at="2024-10-22T17:09:28 GMT+05:30" name="Test1" finished-at="2024-10-22T17:09:50 GMT+05:30" duration-ms="22636">
      <class name="instagramFeatures.OpenCartRegisterAndLogin">
        <test-method is-config="true" signature="lunch(java.lang.String)[pri:0, instance:instagramFeatures.OpenCartRegisterAndLogin@35d019a3]" started-at="2024-10-22T17:09:28 GMT+05:30" name="lunch" finished-at="2024-10-22T17:09:42 GMT+05:30" duration-ms="14117" status="PASS">
          <params>
            <param index="0">
              <value>
                <![CDATA[chrome]]>
              </value>
            </param>
          </params>
          <reporter-output>
          </reporter-output>
        </test-method> <!-- lunch -->
        <test-method signature="login()[pri:0, instance:instagramFeatures.OpenCartRegisterAndLogin@35d019a3]" started-at="2024-10-22T17:09:42 GMT+05:30" name="login" finished-at="2024-10-22T17:09:50 GMT+05:30" duration-ms="8057" status="PASS">
          <reporter-output>
          </reporter-output>
        </test-method> <!-- login -->
      </class> <!-- instagramFeatures.OpenCartRegisterAndLogin -->
    </test> <!-- Test1 -->
    <test started-at="2024-10-22T17:09:28 GMT+05:30" name="Test2" finished-at="2024-10-22T17:09:51 GMT+05:30" duration-ms="23056">
      <class name="instagramFeatures.OpenCartRegisterAndLogin">
        <test-method is-config="true" signature="lunch(java.lang.String)[pri:0, instance:instagramFeatures.OpenCartRegisterAndLogin@3cd3e762]" started-at="2024-10-22T17:09:28 GMT+05:30" name="lunch" finished-at="2024-10-22T17:09:46 GMT+05:30" duration-ms="18877" status="PASS">
          <params>
            <param index="0">
              <value>
                <![CDATA[edge]]>
              </value>
            </param>
          </params>
          <reporter-output>
          </reporter-output>
        </test-method> <!-- lunch -->
        <test-method signature="login1()[pri:0, instance:instagramFeatures.OpenCartRegisterAndLogin@3cd3e762]" started-at="2024-10-22T17:09:46 GMT+05:30" name="login1" finished-at="2024-10-22T17:09:51 GMT+05:30" duration-ms="4095" status="PASS">
          <reporter-output>
          </reporter-output>
        </test-method> <!-- login1 -->
      </class> <!-- instagramFeatures.OpenCartRegisterAndLogin -->
    </test> <!-- Test2 -->
    <test started-at="2024-10-22T17:09:28 GMT+05:30" name="Test4" finished-at="2024-10-22T17:09:50 GMT+05:30" duration-ms="22599">
      <class name="instagramFeatures.OpenCartRegisterAndLogin">
        <test-method is-config="true" signature="lunch(java.lang.String)[pri:0, instance:instagramFeatures.OpenCartRegisterAndLogin@6ed3ccb2]" started-at="2024-10-22T17:09:28 GMT+05:30" name="lunch" finished-at="2024-10-22T17:09:42 GMT+05:30" duration-ms="14138" status="PASS">
          <params>
            <param index="0">
              <value>
                <![CDATA[chrome]]>
              </value>
            </param>
          </params>
          <reporter-output>
          </reporter-output>
        </test-method> <!-- lunch -->
        <test-method signature="login4()[pri:0, instance:instagramFeatures.OpenCartRegisterAndLogin@6ed3ccb2]" started-at="2024-10-22T17:09:42 GMT+05:30" name="login4" finished-at="2024-10-22T17:09:50 GMT+05:30" duration-ms="8046" status="PASS">
          <reporter-output>
          </reporter-output>
        </test-method> <!-- login4 -->
      </class> <!-- instagramFeatures.OpenCartRegisterAndLogin -->
    </test> <!-- Test4 -->
    <test started-at="2024-10-22T17:09:28 GMT+05:30" name="Test3" finished-at="2024-10-22T17:09:50 GMT+05:30" duration-ms="22701">
      <class name="instagramFeatures.OpenCartRegisterAndLogin">
        <test-method is-config="true" signature="lunch(java.lang.String)[pri:0, instance:instagramFeatures.OpenCartRegisterAndLogin@7eac9008]" started-at="2024-10-22T17:09:28 GMT+05:30" name="lunch" finished-at="2024-10-22T17:09:44 GMT+05:30" duration-ms="16772" status="PASS">
          <params>
            <param index="0">
              <value>
                <![CDATA[Edge]]>
              </value>
            </param>
          </params>
          <reporter-output>
          </reporter-output>
        </test-method> <!-- lunch -->
        <test-method signature="login2()[pri:0, instance:instagramFeatures.OpenCartRegisterAndLogin@7eac9008]" started-at="2024-10-22T17:09:44 GMT+05:30" name="login2" finished-at="2024-10-22T17:09:50 GMT+05:30" duration-ms="5869" status="PASS">
          <reporter-output>
          </reporter-output>
        </test-method> <!-- login2 -->
      </class> <!-- instagramFeatures.OpenCartRegisterAndLogin -->
    </test> <!-- Test3 -->
  </suite> <!-- Suite -->
</testng-results>
